# JRE version: OpenJDK Runtime Environment (8.0_111-b16) (build 1.8.0_111-b16)
# Java VM: OpenJDK 64-Bit Server VM (25.111-b16 mixed mode linux-amd64 compressed oops)
Heap:
 PSYoungGen      total 305664K, used 148055K [0x00000000eab00000, 0x0000000100000000, 0x0000000100000000)
  eden space 262144K, 39% used [0x00000000eab00000,0x00000000f111c388,0x00000000fab00000)
  from space 43520K, 99% used [0x00000000fab00000,0x00000000fd579878,0x00000000fd580000)
  to   space 43520K, 0% used [0x00000000fd580000,0x00000000fd580000,0x0000000100000000)
 ParOldGen       total 699392K, used 292695K [0x00000000c0000000, 0x00000000eab00000, 0x00000000eab00000)
  object space 699392K, 41% used [0x00000000c0000000,0x00000000d1dd5dc8,0x00000000eab00000)
 Metaspace       used 65307K, capacity 65864K, committed 66008K, reserved 1103872K
  class space    used 11582K, capacity 11764K, committed 11776K, reserved 1048576K
GC Heap History (10 events):
Event: 7.893 GC heap before
{Heap before GC invocations=7 (full 2):
 PSYoungGen      total 305664K, used 123211K [0x00000000eab00000, 0x0000000100000000, 0x0000000100000000)
  eden space 262144K, 36% used [0x00000000eab00000,0x00000000f0894030,0x00000000fab00000)
  from space 43520K, 62% used [0x00000000fd580000,0x00000000ff03eda8,0x0000000100000000)
  to   space 43520K, 0% used [0x00000000fab00000,0x00000000fab00000,0x00000000fd580000)
 ParOldGen       total 699392K, used 52379K [0x00000000c0000000, 0x00000000eab00000, 0x00000000eab00000)
  object space 699392K, 7% used [0x00000000c0000000,0x00000000c3326d88,0x00000000eab00000)
 Metaspace       used 57376K, capacity 57714K, committed 58072K, reserved 1097728K
  class space    used 10513K, capacity 10635K, committed 10752K, reserved 1048576K
Event: 7.930 GC heap after
Heap after GC invocations=7 (full 2):
 PSYoungGen      total 305664K, used 23806K [0x00000000eab00000, 0x0000000100000000, 0x0000000100000000)
  eden space 262144K, 0% used [0x00000000eab00000,0x00000000eab00000,0x00000000fab00000)
  from space 43520K, 54% used [0x00000000fab00000,0x00000000fc23fab0,0x00000000fd580000)
  to   space 43520K, 0% used [0x00000000fd580000,0x00000000fd580000,0x0000000100000000)
 ParOldGen       total 699392K, used 52387K [0x00000000c0000000, 0x00000000eab00000, 0x00000000eab00000)
  object space 699392K, 7% used [0x00000000c0000000,0x00000000c3328d88,0x00000000eab00000)
 Metaspace       used 57376K, capacity 57714K, committed 58072K, reserved 1097728K
  class space    used 10513K, capacity 10635K, committed 10752K, reserved 1048576K
}
Event: 7.930 GC heap before
{Heap before GC invocations=8 (full 3):
 PSYoungGen      total 305664K, used 23806K [0x00000000eab00000, 0x0000000100000000, 0x0000000100000000)
  eden space 262144K, 0% used [0x00000000eab00000,0x00000000eab00000,0x00000000fab00000)
  from space 43520K, 54% used [0x00000000fab00000,0x00000000fc23fab0,0x00000000fd580000)
  to   space 43520K, 0% used [0x00000000fd580000,0x00000000fd580000,0x0000000100000000)
 ParOldGen       total 699392K, used 52387K [0x00000000c0000000, 0x00000000eab00000, 0x00000000eab00000)
  object space 699392K, 7% used [0x00000000c0000000,0x00000000c3328d88,0x00000000eab00000)
 Metaspace       used 57376K, capacity 57714K, committed 58072K, reserved 1097728K
  class space    used 10513K, capacity 10635K, committed 10752K, reserved 1048576K
Event: 8.002 GC heap after
Heap after GC invocations=8 (full 3):
 PSYoungGen      total 305664K, used 0K [0x00000000eab00000, 0x0000000100000000, 0x0000000100000000)
  eden space 262144K, 0% used [0x00000000eab00000,0x00000000eab00000,0x00000000fab00000)
  from space 43520K, 0% used [0x00000000fab00000,0x00000000fab00000,0x00000000fd580000)
  to   space 43520K, 0% used [0x00000000fd580000,0x00000000fd580000,0x0000000100000000)
 ParOldGen       total 699392K, used 15908K [0x00000000c0000000, 0x00000000eab00000, 0x00000000eab00000)
  object space 699392K, 2% used [0x00000000c0000000,0x00000000c0f89348,0x00000000eab00000)
 Metaspace       used 57066K, capacity 57364K, committed 58072K, reserved 1097728K
  class space    used 10468K, capacity 10557K, committed 10752K, reserved 1048576K
}
Event: 8.005 GC heap before
{Heap before GC invocations=9 (full 3):
 PSYoungGen      total 305664K, used 7384K [0x00000000eab00000, 0x0000000100000000, 0x0000000100000000)
  eden space 262144K, 2% used [0x00000000eab00000,0x00000000eb2360b8,0x00000000fab00000)
  from space 43520K, 0% used [0x00000000fab00000,0x00000000fab00000,0x00000000fd580000)
  to   space 43520K, 0% used [0x00000000fd580000,0x00000000fd580000,0x0000000100000000)
 ParOldGen       total 699392K, used 15908K [0x00000000c0000000, 0x00000000eab00000, 0x00000000eab00000)
  object space 699392K, 2% used [0x00000000c0000000,0x00000000c0f89348,0x00000000eab00000)
 Metaspace       used 57070K, capacity 57364K, committed 58072K, reserved 1097728K
  class space    used 10469K, capacity 10557K, committed 10752K, reserved 1048576K
Event: 8.006 GC heap after
Heap after GC invocations=9 (full 3):
 PSYoungGen      total 305664K, used 96K [0x00000000eab00000, 0x0000000100000000, 0x0000000100000000)
  eden space 262144K, 0% used [0x00000000eab00000,0x00000000eab00000,0x00000000fab00000)
  from space 43520K, 0% used [0x00000000fd580000,0x00000000fd598000,0x0000000100000000)
  to   space 43520K, 0% used [0x00000000fab00000,0x00000000fab00000,0x00000000fd580000)
 ParOldGen       total 699392K, used 15908K [0x00000000c0000000, 0x00000000eab00000, 0x00000000eab00000)
  object space 699392K, 2% used [0x00000000c0000000,0x00000000c0f89348,0x00000000eab00000)
 Metaspace       used 57070K, capacity 57364K, committed 58072K, reserved 1097728K
  class space    used 10469K, capacity 10557K, committed 10752K, reserved 1048576K
}
Event: 8.006 GC heap before
{Heap before GC invocations=10 (full 4):
 PSYoungGen      total 305664K, used 96K [0x00000000eab00000, 0x0000000100000000, 0x0000000100000000)
  eden space 262144K, 0% used [0x00000000eab00000,0x00000000eab00000,0x00000000fab00000)
  from space 43520K, 0% used [0x00000000fd580000,0x00000000fd598000,0x0000000100000000)
  to   space 43520K, 0% used [0x00000000fab00000,0x00000000fab00000,0x00000000fd580000)
 ParOldGen       total 699392K, used 15908K [0x00000000c0000000, 0x00000000eab00000, 0x00000000eab00000)
  object space 699392K, 2% used [0x00000000c0000000,0x00000000c0f89348,0x00000000eab00000)
 Metaspace       used 57070K, capacity 57364K, committed 58072K, reserved 1097728K
  class space    used 10469K, capacity 10557K, committed 10752K, reserved 1048576K
Event: 8.081 GC heap after
Heap after GC invocations=10 (full 4):
 PSYoungGen      total 305664K, used 0K [0x00000000eab00000, 0x0000000100000000, 0x0000000100000000)
  eden space 262144K, 0% used [0x00000000eab00000,0x00000000eab00000,0x00000000fab00000)
  from space 43520K, 0% used [0x00000000fd580000,0x00000000fd580000,0x0000000100000000)
  to   space 43520K, 0% used [0x00000000fab00000,0x00000000fab00000,0x00000000fd580000)
 ParOldGen       total 699392K, used 13448K [0x00000000c0000000, 0x00000000eab00000, 0x00000000eab00000)
  object space 699392K, 1% used [0x00000000c0000000,0x00000000c0d220f0,0x00000000eab00000)
 Metaspace       used 57070K, capacity 57364K, committed 58072K, reserved 1097728K
  class space    used 10469K, capacity 10557K, committed 10752K, reserved 1048576K
}
Event: 10.091 GC heap before
{Heap before GC invocations=11 (full 4):
 PSYoungGen      total 305664K, used 262144K [0x00000000eab00000, 0x0000000100000000, 0x0000000100000000)
  eden space 262144K, 100% used [0x00000000eab00000,0x00000000fab00000,0x00000000fab00000)
  from space 43520K, 0% used [0x00000000fd580000,0x00000000fd580000,0x0000000100000000)
  to   space 43520K, 0% used [0x00000000fab00000,0x00000000fab00000,0x00000000fd580000)
 ParOldGen       total 699392K, used 13448K [0x00000000c0000000, 0x00000000eab00000, 0x00000000eab00000)
  object space 699392K, 1% used [0x00000000c0000000,0x00000000c0d220f0,0x00000000eab00000)
 Metaspace       used 61279K, capacity 61798K, committed 61912K, reserved 1099776K
  class space    used 11056K, capacity 11231K, committed 11264K, reserved 1048576K
Event: 10.128 GC heap after
Heap after GC invocations=11 (full 4):
 PSYoungGen      total 305664K, used 43494K [0x00000000eab00000, 0x0000000100000000, 0x0000000100000000)
  eden space 262144K, 0% used [0x00000000eab00000,0x00000000eab00000,0x00000000fab00000)
  from space 43520K, 99% used [0x00000000fab00000,0x00000000fd579878,0x00000000fd580000)
  to   space 43520K, 0% used [0x00000000fd580000,0x00000000fd580000,0x0000000100000000)
 ParOldGen       total 699392K, used 29662K [0x00000000c0000000, 0x00000000eab00000, 0x00000000eab00000)
  object space 699392K, 4% used [0x00000000c0000000,0x00000000c1cf7940,0x00000000eab00000)
 Metaspace       used 61279K, capacity 61798K, committed 61912K, reserved 1099776K
  class space    used 11056K, capacity 11231K, committed 11264K, reserved 1048576K
}

